catlog/build/outputs/logs/manifest-merger-debug-report.txt
-- Merging decision tree log ---
manifest
ADDED from AndroidManifest.xml:2:1
	package
		ADDED from AndroidManifest.xml:3:2
		INJECTED from AndroidManifest.xml:0:0
		INJECTED from AndroidManifest.xml:0:0
	android:versionName
		ADDED from AndroidManifest.xml:4:2
	android:versionCode
		ADDED from AndroidManifest.xml:4:30
		INJECTED from AndroidManifest.xml:0:0
		INJECTED from AndroidManifest.xml:0:0
	xmlns:android
		ADDED from AndroidManifest.xml:2:11
	android:installLocation
		ADDED from AndroidManifest.xml:3:35
application
ADDED from AndroidManifest.xml:5:2
	android:label
		ADDED from AndroidManifest.xml:5:45
	android:icon
		ADDED from AndroidManifest.xml:5:15
activity#com.nolanlawson.logcat.LogcatActivity
ADDED from AndroidManifest.xml:6:3
	android:label
		ADDED from AndroidManifest.xml:6:44
	android:launchMode
		ADDED from AndroidManifest.xml:8:4
	android:windowSoftInputMode
		ADDED from AndroidManifest.xml:8:35
	android:configChanges
		ADDED from AndroidManifest.xml:7:4
	android:name
		ADDED from AndroidManifest.xml:6:13
intent-filter#android.intent.action.MAIN+android.intent.category.LAUNCHER
ADDED from AndroidManifest.xml:9:4
action#android.intent.action.MAIN
ADDED from AndroidManifest.xml:10:5
	android:name
		ADDED from AndroidManifest.xml:10:13
category#android.intent.category.LAUNCHER
ADDED from AndroidManifest.xml:11:5
	android:name
		ADDED from AndroidManifest.xml:11:15
intent-filter#android.intent.category.DEFAULT+com.nolanlawson.logcat.intents.LAUNCH
ADDED from AndroidManifest.xml:14:4
action#com.nolanlawson.logcat.intents.LAUNCH
ADDED from AndroidManifest.xml:15:5
	android:name
		ADDED from AndroidManifest.xml:15:13
category#android.intent.category.DEFAULT
ADDED from AndroidManifest.xml:16:5
	android:name
		ADDED from AndroidManifest.xml:16:15
activity#com.nolanlawson.logcat.AboutActivity
ADDED from AndroidManifest.xml:20:3
	android:theme
		ADDED from AndroidManifest.xml:20:43
	android:name
		ADDED from AndroidManifest.xml:20:13
activity#com.nolanlawson.logcat.ShowRecordLogDialogActivity
ADDED from AndroidManifest.xml:23:3
	android:theme
		ADDED from AndroidManifest.xml:23:57
	android:name
		ADDED from AndroidManifest.xml:23:13
activity#com.nolanlawson.logcat.SettingsActivity
ADDED from AndroidManifest.xml:26:3
	android:name
		ADDED from AndroidManifest.xml:26:13
service#com.nolanlawson.logcat.LogcatRecordingService
ADDED from AndroidManifest.xml:28:3
	android:name
		ADDED from AndroidManifest.xml:28:12
service#com.nolanlawson.logcat.CrazyLoggerService
ADDED from AndroidManifest.xml:30:3
	android:name
		ADDED from AndroidManifest.xml:30:12
receiver#com.nolanlawson.logcat.RecordingWidgetProvider
ADDED from AndroidManifest.xml:32:3
	android:name
		ADDED from AndroidManifest.xml:32:13
intent-filter#android.appwidget.action.APPWIDGET_UPDATE
ADDED from AndroidManifest.xml:34:4
action#android.appwidget.action.APPWIDGET_UPDATE
ADDED from AndroidManifest.xml:35:5
	android:name
		ADDED from AndroidManifest.xml:35:13
data
ADDED from AndroidManifest.xml:36:5
	android:scheme
		ADDED from AndroidManifest.xml:36:11
intent-filter#com.nolanlawson.logcat.action.RECORD_OR_STOP
ADDED from AndroidManifest.xml:43:4
action#com.nolanlawson.logcat.action.RECORD_OR_STOP
ADDED from AndroidManifest.xml:44:5
	android:name
		ADDED from AndroidManifest.xml:44:13
meta-data#android.appwidget.provider
ADDED from AndroidManifest.xml:49:4
	android:resource
		ADDED from AndroidManifest.xml:50:5
	android:name
		ADDED from AndroidManifest.xml:49:15
uses-sdk
ADDED from AndroidManifest.xml:56:2
	android:targetSdkVersion
		ADDED from AndroidManifest.xml:56:38
		INJECTED from AndroidManifest.xml:0:0
		INJECTED from AndroidManifest.xml:0:0
	android:minSdkVersion
		ADDED from AndroidManifest.xml:56:12
		INJECTED from AndroidManifest.xml:0:0
		INJECTED from AndroidManifest.xml:0:0
uses-permission#android.permission.READ_LOGS
ADDED from AndroidManifest.xml:57:2
	android:name
		ADDED from AndroidManifest.xml:57:19
uses-permission#android.permission.WRITE_EXTERNAL_STORAGE
ADDED from AndroidManifest.xml:58:2
	android:name
		ADDED from AndroidManifest.xml:58:19
uses-permission#android.permission.ACCESS_SUPERUSER
ADDED from AndroidManifest.xml:61:2
	android:name
		ADDED from AndroidManifest.xml:61:19
supports-screens
ADDED from AndroidManifest.xml:63:2
	android:largeScreens
		ADDED from AndroidManifest.xml:64:32
	android:smallScreens
		ADDED from AndroidManifest.xml:63:20
	android:normalScreens
		ADDED from AndroidManifest.xml:64:3
	android:xlargeScreens
		ADDED from AndroidManifest.xml:65:3
	android:resizeable
		ADDED from AndroidManifest.xml:66:3
	android:anyDensity
		ADDED from AndroidManifest.xml:65:32